<?xml version="1.0" encoding="UTF-8"?>
<testng-results skipped="0" failed="0" ignored="0" total="1" passed="1">
  <reporter-output>
  </reporter-output>
  <suite name="Default suite" duration-ms="23927" started-at="2022-12-29T09:33:21 IST" finished-at="2022-12-29T09:33:45 IST">
    <groups>
    </groups>
    <test name="Default test" duration-ms="23927" started-at="2022-12-29T09:33:21 IST" finished-at="2022-12-29T09:33:45 IST">
      <class name="com.OrangeHrm.Testcases.LoginPageTest">
        <test-method status="PASS" signature="setUp()[pri:0, instance:com.OrangeHrm.Testcases.LoginPageTest@587d1d39]" name="setUp" is-config="true" duration-ms="21807" started-at="2022-12-29T09:33:21 IST" finished-at="2022-12-29T09:33:43 IST">
          <reporter-output>
          </reporter-output>
        </test-method> <!-- setUp -->
        <test-method status="PASS" signature="verifyUserlogin()[pri:0, instance:com.OrangeHrm.Testcases.LoginPageTest@587d1d39]" name="verifyUserlogin" duration-ms="1149" started-at="2022-12-29T09:33:43 IST" finished-at="2022-12-29T09:33:44 IST">
          <reporter-output>
          </reporter-output>
        </test-method> <!-- verifyUserlogin -->
        <test-method status="PASS" signature="tearDown()[pri:0, instance:com.OrangeHrm.Testcases.LoginPageTest@587d1d39]" name="tearDown" is-config="true" duration-ms="901" started-at="2022-12-29T09:33:44 IST" finished-at="2022-12-29T09:33:45 IST">
          <reporter-output>
          </reporter-output>
        </test-method> <!-- tearDown -->
      </class> <!-- com.OrangeHrm.Testcases.LoginPageTest -->
    </test> <!-- Default test -->
  </suite> <!-- Default suite -->
</testng-results>
